ARM GAS  /var/folders/sn/892t0v3d4z52fn8gllvg3d700000gn/T//cc7irtEe.s 			page 1


   1              		.cpu cortex-m3
   2              		.arch armv7-m
   3              		.fpu softvfp
   4              		.eabi_attribute 20, 1
   5              		.eabi_attribute 21, 1
   6              		.eabi_attribute 23, 3
   7              		.eabi_attribute 24, 1
   8              		.eabi_attribute 25, 1
   9              		.eabi_attribute 26, 1
  10              		.eabi_attribute 30, 1
  11              		.eabi_attribute 34, 1
  12              		.eabi_attribute 18, 4
  13              		.file	"gpio.c"
  14              		.text
  15              	.Ltext0:
  16              		.cfi_sections	.debug_frame
  17              		.file 1 "Core/Src/gpio.c"
  18              		.section	.text.gpio_init,"ax",%progbits
  19              		.align	1
  20              		.global	gpio_init
  21              		.syntax unified
  22              		.thumb
  23              		.thumb_func
  25              	gpio_init:
  26              	.LFB65:
   1:Core/Src/gpio.c **** #include "gpio.h"
   2:Core/Src/gpio.c **** 
   3:Core/Src/gpio.c **** void gpio_init(void)
   4:Core/Src/gpio.c **** {   // INIT LED PIN 
  27              		.loc 1 4 1 view -0
  28              		.cfi_startproc
  29              		@ args = 0, pretend = 0, frame = 24
  30              		@ frame_needed = 0, uses_anonymous_args = 0
  31 0000 00B5     		push	{lr}
  32              	.LCFI0:
  33              		.cfi_def_cfa_offset 4
  34              		.cfi_offset 14, -4
  35 0002 87B0     		sub	sp, sp, #28
  36              	.LCFI1:
  37              		.cfi_def_cfa_offset 32
   5:Core/Src/gpio.c ****     __HAL_RCC_GPIOC_CLK_ENABLE();
  38              		.loc 1 5 5 view .LVU1
  39              	.LBB2:
  40              		.loc 1 5 5 view .LVU2
  41              		.loc 1 5 5 view .LVU3
  42 0004 0B4B     		ldr	r3, .L3
  43 0006 9A69     		ldr	r2, [r3, #24]
  44 0008 42F01002 		orr	r2, r2, #16
  45 000c 9A61     		str	r2, [r3, #24]
  46              		.loc 1 5 5 view .LVU4
  47 000e 9B69     		ldr	r3, [r3, #24]
  48 0010 03F01003 		and	r3, r3, #16
  49 0014 0193     		str	r3, [sp, #4]
  50              		.loc 1 5 5 view .LVU5
  51 0016 019B     		ldr	r3, [sp, #4]
  52              	.LBE2:
  53              		.loc 1 5 5 view .LVU6
ARM GAS  /var/folders/sn/892t0v3d4z52fn8gllvg3d700000gn/T//cc7irtEe.s 			page 2


   6:Core/Src/gpio.c ****     GPIO_InitTypeDef GPIO_InitStruct;
  54              		.loc 1 6 5 view .LVU7
   7:Core/Src/gpio.c ****     GPIO_InitStruct.Pin     = LED_PIN; 
  55              		.loc 1 7 5 view .LVU8
  56              		.loc 1 7 29 is_stmt 0 view .LVU9
  57 0018 4FF40053 		mov	r3, #8192
  58 001c 0293     		str	r3, [sp, #8]
   8:Core/Src/gpio.c ****     GPIO_InitStruct.Mode    = GPIO_MODE_OUTPUT_PP; 
  59              		.loc 1 8 5 is_stmt 1 view .LVU10
  60              		.loc 1 8 29 is_stmt 0 view .LVU11
  61 001e 0123     		movs	r3, #1
  62 0020 0393     		str	r3, [sp, #12]
   9:Core/Src/gpio.c ****     GPIO_InitStruct.Speed   = GPIO_SPEED_FREQ_LOW; 
  63              		.loc 1 9 5 is_stmt 1 view .LVU12
  64              		.loc 1 9 29 is_stmt 0 view .LVU13
  65 0022 0223     		movs	r3, #2
  66 0024 0593     		str	r3, [sp, #20]
  10:Core/Src/gpio.c ****     HAL_GPIO_Init(LED_PORT, &GPIO_InitStruct);
  67              		.loc 1 10 5 is_stmt 1 view .LVU14
  68 0026 02A9     		add	r1, sp, #8
  69 0028 0348     		ldr	r0, .L3+4
  70 002a FFF7FEFF 		bl	HAL_GPIO_Init
  71              	.LVL0:
  11:Core/Src/gpio.c **** }...
  72              		.loc 1 11 1 is_stmt 0 view .LVU15
  73 002e 07B0     		add	sp, sp, #28
  74              	.LCFI2:
  75              		.cfi_def_cfa_offset 4
  76              		@ sp needed
  77 0030 5DF804FB 		ldr	pc, [sp], #4
  78              	.L4:
  79              		.align	2
  80              	.L3:
  81 0034 00100240 		.word	1073876992
  82 0038 00100140 		.word	1073811456
  83              		.cfi_endproc
  84              	.LFE65:
  86              		.text
  87              	.Letext0:
  88              		.file 2 "/opt/ST/STM32CubeCLT_1.19.0/GNU-tools-for-STM32/arm-none-eabi/include/machine/_default_ty
  89              		.file 3 "/opt/ST/STM32CubeCLT_1.19.0/GNU-tools-for-STM32/arm-none-eabi/include/sys/_stdint.h"
  90              		.file 4 "Drivers/CMSIS/Device/ST/STM32F1xx/Include/stm32f103xb.h"
  91              		.file 5 "Drivers/STM32F1xx_HAL_Driver/Inc/stm32f1xx_hal_gpio.h"
ARM GAS  /var/folders/sn/892t0v3d4z52fn8gllvg3d700000gn/T//cc7irtEe.s 			page 3


DEFINED SYMBOLS
                            *ABS*:00000000 gpio.c
/var/folders/sn/892t0v3d4z52fn8gllvg3d700000gn/T//cc7irtEe.s:19     .text.gpio_init:00000000 $t
/var/folders/sn/892t0v3d4z52fn8gllvg3d700000gn/T//cc7irtEe.s:25     .text.gpio_init:00000000 gpio_init
/var/folders/sn/892t0v3d4z52fn8gllvg3d700000gn/T//cc7irtEe.s:81     .text.gpio_init:00000034 $d

UNDEFINED SYMBOLS
HAL_GPIO_Init
